<?xml version="1.0" encoding="UTF-8"?>
<testsuite name="CinemaTests" tests="1" skipped="0" failures="0" errors="0" timestamp="2022-02-02T09:00:48" hostname="DESKTOP-8IFJ8VS" time="2.589">
  <properties/>
  <testcase name="start" classname="CinemaTests" time="2.589"/>
  <system-out><![CDATA[?[1;31m
Start test 1?[0m

  .   ____          _            __ _ _
 /\\ / ___'_ __ _ _(_)_ __  __ _ \ \ \ \
( ( )\___ | '_ | '_| | '_ \/ _` | \ \ \ \
 \\/  ___)| |_)| | | | | || (_| |  ) ) ) )
  '  |____| .__|_| |_|_| |_\__, | / / / /
 =========|_|==============|___/=/_/_/_/
 :: Spring Boot ::                (v2.5.6)

2022-02-02 04:00:49.116  INFO 9364 --- [    Test worker] cinema.Main                              : Starting Main using Java 17.0.1 on DESKTOP-8IFJ8VS with PID 9364 (started by Kevin in C:\Users\Kevin\Documents\springRequestDemo\Cinema Room REST Service\Cinema Room REST Service\task)
2022-02-02 04:00:49.118  INFO 9364 --- [    Test worker] cinema.Main                              : No active profile set, falling back to default profiles: default
2022-02-02 04:00:50.099  INFO 9364 --- [    Test worker] o.s.b.w.embedded.tomcat.TomcatWebServer  : Tomcat initialized with port(s): 28852 (http)
2022-02-02 04:00:50.107  INFO 9364 --- [    Test worker] o.apache.catalina.core.StandardService   : Starting service [Tomcat]
2022-02-02 04:00:50.108  INFO 9364 --- [    Test worker] org.apache.catalina.core.StandardEngine  : Starting Servlet engine: [Apache Tomcat/9.0.54]
2022-02-02 04:00:50.173  INFO 9364 --- [    Test worker] o.a.c.c.C.[Tomcat].[localhost].[/]       : Initializing Spring embedded WebApplicationContext
2022-02-02 04:00:50.173  INFO 9364 --- [    Test worker] w.s.c.ServletWebServerApplicationContext : Root WebApplicationContext: initialization completed in 1019 ms
2022-02-02 04:00:50.720  INFO 9364 --- [    Test worker] o.s.b.a.e.web.EndpointLinksResolver      : Exposing 14 endpoint(s) beneath base path '/actuator'
2022-02-02 04:00:50.763  INFO 9364 --- [    Test worker] o.s.b.w.embedded.tomcat.TomcatWebServer  : Tomcat started on port(s): 28852 (http) with context path ''
2022-02-02 04:00:50.775  INFO 9364 --- [    Test worker] cinema.Main                              : Started Main in 1.935 seconds (JVM running for 2.454)
2022-02-02 04:00:51.090  INFO 9364 --- [io-28852-exec-1] o.a.c.c.C.[Tomcat].[localhost].[/]       : Initializing Spring DispatcherServlet 'dispatcherServlet'
2022-02-02 04:00:51.091  INFO 9364 --- [io-28852-exec-1] o.s.web.servlet.DispatcherServlet        : Initializing Servlet 'dispatcherServlet'
2022-02-02 04:00:51.092  INFO 9364 --- [io-28852-exec-1] o.s.web.servlet.DispatcherServlet        : Completed initialization in 1 ms
?[1;31m
Start test 2?[0m
?[1;31m
Start test 3?[0m
?[1;31m
Start test 4?[0m
?[1;31m
Start test 5?[0m
]]></system-out>
  <system-err><![CDATA[]]></system-err>
</testsuite>
